<?xml version="1.0" encoding="UTF-8"?>
<testng-results skipped="0" failed="1" ignored="0" total="3" passed="2">
  <reporter-output>
  </reporter-output>
  <suite name="Default suite" duration-ms="48592" started-at="2019-01-26T01:16:48Z" finished-at="2019-01-26T01:17:36Z">
    <groups>
    </groups>
    <test name="Default test" duration-ms="48592" started-at="2019-01-26T01:16:48Z" finished-at="2019-01-26T01:17:36Z">
      <class name="hubSpotTests.L22_S11_HubSpotLoginTest">
        <test-method status="PASS" signature="sepUp()[pri:0, instance:hubSpotTests.L22_S11_HubSpotLoginTest@77caeb3e]" name="sepUp" is-config="true" duration-ms="10364" started-at="2019-01-26T01:16:48Z" finished-at="2019-01-26T01:16:58Z">
          <reporter-output>
          </reporter-output>
        </test-method> <!-- sepUp -->
        <test-method status="FAIL" signature="login_Test()[pri:0, instance:hubSpotTests.L22_S11_HubSpotLoginTest@77caeb3e]" name="login_Test" duration-ms="22118" started-at="2019-01-26T01:16:58Z" finished-at="2019-01-26T01:17:20Z">
          <exception class="org.openqa.selenium.TimeoutException">
            <message>
              <![CDATA[Expected condition failed: waiting for title to contain "Getting Started | HubSpot". Current title: "Reports dashboard" (tried for 20 second(s) with 500 milliseconds interval)
Build info: version: '3.14.0', revision: 'aacccce0', time: '2018-08-02T20:19:58.91Z'
System info: host: 'LAPTOP-OJMIMCA0', ip: '192.168.1.201', os.name: 'Windows 10', os.arch: 'amd64', os.version: '10.0', java.version: '1.8.0_141'
Driver info: org.openqa.selenium.chrome.ChromeDriver
Capabilities {acceptInsecureCerts: false, acceptSslCerts: false, applicationCacheEnabled: false, browserConnectionEnabled: false, browserName: chrome, chrome: {chromedriverVersion: 2.45.615291 (ec3682e3c9061c..., userDataDir: C:\Users\Balu\AppData\Local...}, cssSelectorsEnabled: true, databaseEnabled: false, goog:chromeOptions: {debuggerAddress: localhost:62821}, handlesAlerts: true, hasTouchScreen: false, javascriptEnabled: true, locationContextEnabled: true, mobileEmulationEnabled: false, nativeEvents: true, networkConnectionEnabled: false, pageLoadStrategy: normal, platform: XP, platformName: XP, proxy: Proxy(), rotatable: false, setWindowRect: true, strictFileInteractability: false, takesHeapSnapshot: true, takesScreenshot: true, timeouts: {implicit: 0, pageLoad: 300000, script: 30000}, unexpectedAlertBehaviour: ignore, unhandledPromptBehavior: ignore, version: 71.0.3578.98, webStorageEnabled: true}
Session ID: 2aa118ec030b9242956d470a5bb24630]]>
            </message>
            <full-stacktrace>
              <![CDATA[org.openqa.selenium.TimeoutException: Expected condition failed: waiting for title to contain "Getting Started | HubSpot". Current title: "Reports dashboard" (tried for 20 second(s) with 500 milliseconds interval)
Build info: version: '3.14.0', revision: 'aacccce0', time: '2018-08-02T20:19:58.91Z'
System info: host: 'LAPTOP-OJMIMCA0', ip: '192.168.1.201', os.name: 'Windows 10', os.arch: 'amd64', os.version: '10.0', java.version: '1.8.0_141'
Driver info: org.openqa.selenium.chrome.ChromeDriver
Capabilities {acceptInsecureCerts: false, acceptSslCerts: false, applicationCacheEnabled: false, browserConnectionEnabled: false, browserName: chrome, chrome: {chromedriverVersion: 2.45.615291 (ec3682e3c9061c..., userDataDir: C:\Users\Balu\AppData\Local...}, cssSelectorsEnabled: true, databaseEnabled: false, goog:chromeOptions: {debuggerAddress: localhost:62821}, handlesAlerts: true, hasTouchScreen: false, javascriptEnabled: true, locationContextEnabled: true, mobileEmulationEnabled: false, nativeEvents: true, networkConnectionEnabled: false, pageLoadStrategy: normal, platform: XP, platformName: XP, proxy: Proxy(), rotatable: false, setWindowRect: true, strictFileInteractability: false, takesHeapSnapshot: true, takesScreenshot: true, timeouts: {implicit: 0, pageLoad: 300000, script: 30000}, unexpectedAlertBehaviour: ignore, unhandledPromptBehavior: ignore, version: 71.0.3578.98, webStorageEnabled: true}
Session ID: 2aa118ec030b9242956d470a5bb24630
at org.openqa.selenium.support.ui.WebDriverWait.timeoutException(WebDriverWait.java:113)
at org.openqa.selenium.support.ui.FluentWait.until(FluentWait.java:283)
at hubSpotTests.L22_S11_HubSpotLoginTest.login_Test(L22_S11_HubSpotLoginTest.java:54)
at sun.reflect.NativeMethodAccessorImpl.invoke0(Native Method)
at sun.reflect.NativeMethodAccessorImpl.invoke(Unknown Source)
at sun.reflect.DelegatingMethodAccessorImpl.invoke(Unknown Source)
at java.lang.reflect.Method.invoke(Unknown Source)
at org.testng.internal.MethodInvocationHelper.invokeMethod(MethodInvocationHelper.java:124)
at org.testng.internal.Invoker.invokeMethod(Invoker.java:580)
at org.testng.internal.Invoker.invokeTestMethod(Invoker.java:716)
at org.testng.internal.Invoker.invokeTestMethods(Invoker.java:988)
at org.testng.internal.TestMethodWorker.invokeTestMethods(TestMethodWorker.java:125)
at org.testng.internal.TestMethodWorker.run(TestMethodWorker.java:109)
at org.testng.TestRunner.privateRun(TestRunner.java:648)
at org.testng.TestRunner.run(TestRunner.java:505)
at org.testng.SuiteRunner.runTest(SuiteRunner.java:455)
at org.testng.SuiteRunner.runSequentially(SuiteRunner.java:450)
at org.testng.SuiteRunner.privateRun(SuiteRunner.java:415)
at org.testng.SuiteRunner.run(SuiteRunner.java:364)
at org.testng.SuiteRunnerWorker.runSuite(SuiteRunnerWorker.java:52)
at org.testng.SuiteRunnerWorker.run(SuiteRunnerWorker.java:84)
at org.testng.TestNG.runSuitesSequentially(TestNG.java:1208)
at org.testng.TestNG.runSuitesLocally(TestNG.java:1137)
at org.testng.TestNG.runSuites(TestNG.java:1049)
at org.testng.TestNG.run(TestNG.java:1017)
at org.testng.remote.AbstractRemoteTestNG.run(AbstractRemoteTestNG.java:114)
at org.testng.remote.RemoteTestNG.initAndRun(RemoteTestNG.java:251)
at org.testng.remote.RemoteTestNG.main(RemoteTestNG.java:77)
]]>
            </full-stacktrace>
          </exception> <!-- org.openqa.selenium.TimeoutException -->
          <reporter-output>
          </reporter-output>
        </test-method> <!-- login_Test -->
        <test-method status="PASS" signature="tearDown()[pri:0, instance:hubSpotTests.L22_S11_HubSpotLoginTest@77caeb3e]" name="tearDown" is-config="true" duration-ms="758" started-at="2019-01-26T01:17:20Z" finished-at="2019-01-26T01:17:21Z">
          <reporter-output>
          </reporter-output>
        </test-method> <!-- tearDown -->
        <test-method status="PASS" signature="sepUp()[pri:0, instance:hubSpotTests.L22_S11_HubSpotLoginTest@77caeb3e]" name="sepUp" is-config="true" duration-ms="7309" started-at="2019-01-26T01:17:21Z" finished-at="2019-01-26T01:17:28Z">
          <reporter-output>
          </reporter-output>
        </test-method> <!-- sepUp -->
        <test-method status="PASS" signature="verifyLoginButton_Test()[pri:0, instance:hubSpotTests.L22_S11_HubSpotLoginTest@77caeb3e]" name="verifyLoginButton_Test" duration-ms="203" started-at="2019-01-26T01:17:28Z" finished-at="2019-01-26T01:17:29Z">
          <reporter-output>
          </reporter-output>
        </test-method> <!-- verifyLoginButton_Test -->
        <test-method status="PASS" signature="tearDown()[pri:0, instance:hubSpotTests.L22_S11_HubSpotLoginTest@77caeb3e]" name="tearDown" is-config="true" duration-ms="761" started-at="2019-01-26T01:17:29Z" finished-at="2019-01-26T01:17:29Z">
          <reporter-output>
          </reporter-output>
        </test-method> <!-- tearDown -->
        <test-method status="PASS" signature="sepUp()[pri:0, instance:hubSpotTests.L22_S11_HubSpotLoginTest@77caeb3e]" name="sepUp" is-config="true" duration-ms="6289" started-at="2019-01-26T01:17:29Z" finished-at="2019-01-26T01:17:36Z">
          <reporter-output>
          </reporter-output>
        </test-method> <!-- sepUp -->
        <test-method status="PASS" signature="verifyLoginPageTitle_test()[pri:0, instance:hubSpotTests.L22_S11_HubSpotLoginTest@77caeb3e]" name="verifyLoginPageTitle_test" duration-ms="5" started-at="2019-01-26T01:17:36Z" finished-at="2019-01-26T01:17:36Z">
          <reporter-output>
          </reporter-output>
        </test-method> <!-- verifyLoginPageTitle_test -->
        <test-method status="PASS" signature="tearDown()[pri:0, instance:hubSpotTests.L22_S11_HubSpotLoginTest@77caeb3e]" name="tearDown" is-config="true" duration-ms="735" started-at="2019-01-26T01:17:36Z" finished-at="2019-01-26T01:17:36Z">
          <reporter-output>
          </reporter-output>
        </test-method> <!-- tearDown -->
      </class> <!-- hubSpotTests.L22_S11_HubSpotLoginTest -->
    </test> <!-- Default test -->
  </suite> <!-- Default suite -->
</testng-results>
